 XML_OPEN: opened file postcntrl_t.xml
 at LU-number:          10
 XML_GET - tag found: template
 XML_GET - number of attributes:           0
 XML_GET - number of data lines:           2
 XML_GET - tag found: options
 XML_GET - number of attributes:           3
 XML_GET - number of data lines:           2
 tag: 
 options                                                                        
  
 attribs:            3
   strict = yes
   dynamicstings = no
   rootname = postcntrl
 data:            2
   ><
   ><
 Unknown option: dynamicstings - ignored
 XML_GET - tag found: typedef
 XML_GET - number of attributes:           1
 XML_GET - number of data lines:           2
 tag: 
 typedef                                                                        
  
 attribs:            1
   name = param_t
 data:            2
   ><
   ><
 XML_GET - tag found: component
 XML_GET - number of attributes:           3
 XML_GET - number of data lines:           2
 tag: 
 component                                                                      
  
 attribs:            3
   name = pname
   type = word
   length = 30
 data:            2
   ><
   ><
 XML_GET - tag found: component
 XML_GET - number of attributes:           3
 XML_GET - number of data lines:           2
 tag: 
 component                                                                      
  
 attribs:            3
   name = table_info
   type = word
   length = 10
 data:            2
   ><
   ><
 XML_GET - tag found: component
 XML_GET - number of attributes:           3
 XML_GET - number of data lines:           2
 tag: 
 component                                                                      
  
 attribs:            3
   name = stats_proc
   type = word
   length = 20
 data:            2
   ><
   ><
 XML_GET - tag found: component
 XML_GET - number of attributes:           3
 XML_GET - number of data lines:           2
 tag: 
 component                                                                      
  
 attribs:            3
   name = fixed_sfc1_type
   type = word
   length = 80
 data:            2
   ><
   ><
 XML_GET - tag found: component
 XML_GET - number of attributes:           3
 XML_GET - number of data lines:           2
 tag: 
 component                                                                      
  
 attribs:            3
   name = scale_fact_fixed_sfc1
   type = integer
   dimension = 1
 data:            2
   ><
   ><
 XML_GET - tag found: component
 XML_GET - number of attributes:           4
 XML_GET - number of data lines:           2
 tag: 
 component                                                                      
  
 attribs:            4
   name = level
   type = real
   dimension = 1
   default = 0.
 data:            2
   ><
   ><
 XML_GET - tag found: component
 XML_GET - number of attributes:           3
 XML_GET - number of data lines:           2
 tag: 
 component                                                                      
  
 attribs:            3
   name = fixed_sfc2_type
   type = word
   length = 80
 data:            2
   ><
   ><
 XML_GET - tag found: component
 XML_GET - number of attributes:           3
 XML_GET - number of data lines:           2
 tag: 
 component                                                                      
  
 attribs:            3
   name = scale_fact_fixed_sfc2
   type = integer
   dimension = 1
 data:            2
   ><
   ><
 XML_GET - tag found: component
 XML_GET - number of attributes:           3
 XML_GET - number of data lines:           2
 tag: 
 component                                                                      
  
 attribs:            3
   name = level2
   type = real
   dimension = 1
 data:            2
   ><
   ><
 XML_GET - tag found: component
 XML_GET - number of attributes:           3
 XML_GET - number of data lines:           2
 tag: 
 component                                                                      
  
 attribs:            3
   name = scale
   type = real
   dimension = 1
 data:            2
   ><
   ><
 XML_GET - tag found: component
 XML_GET - number of attributes:           3
 XML_GET - number of data lines:           2
 tag: 
 component                                                                      
  
 attribs:            3
   name = number_bits
   type = real
   dimension = 1
 data:            2
   ><
   ><
 XML_GET - tag found: component
 XML_GET - number of attributes:           2
 XML_GET - number of data lines:           2
 tag: 
 component                                                                      
  
 attribs:            2
   name = stat_miss_val
   type = integer
 data:            2
   ><
   ><
 XML_GET - tag found: component
 XML_GET - number of attributes:           2
 XML_GET - number of data lines:           2
 tag: 
 component                                                                      
  
 attribs:            2
   name = leng_time_range_prev
   type = integer
 data:            2
   ><
   ><
 XML_GET - tag found: component
 XML_GET - number of attributes:           2
 XML_GET - number of data lines:           2
 tag: 
 component                                                                      
  
 attribs:            2
   name = time_inc_betwn_succ_fld
   type = integer
 data:            2
   ><
   ><
 XML_GET - tag found: component
 XML_GET - number of attributes:           3
 XML_GET - number of data lines:           2
 tag: 
 component                                                                      
  
 attribs:            3
   name = type_of_time_inc
   type = word
   length = 80
 data:            2
   ><
   ><
 XML_GET - tag found: component
 XML_GET - number of attributes:           3
 XML_GET - number of data lines:           2
 tag: 
 component                                                                      
  
 attribs:            3
   name = stat_unit_time_key_succ
   type = word
   length = 20
 data:            2
   ><
   ><
 XML_GET - tag found: component
 XML_GET - number of attributes:           3
 XML_GET - number of data lines:           2
 tag: 
 component                                                                      
  
 attribs:            3
   name = bit_map_flag
   type = word
   length = 20
 data:            2
   ><
   ><
 XML_GET - number of attributes:           0
 XML_GET - number of data lines:           2
 tag: 
 typedef                                                                        
  
 attribs:            0
 data:            2
   ><
   ><
 XML_GET - tag found: typedef
 XML_GET - number of attributes:           1
 XML_GET - number of data lines:           2
 tag: 
 typedef                                                                        
  
 attribs:            1
   name = paramset_t
 data:            2
   ><
   ><
 XML_GET - tag found: component
 XML_GET - number of attributes:           3
 XML_GET - number of data lines:           2
 tag: 
 component                                                                      
  
 attribs:            3
   name = datset
   type = word
   length = 6
 data:            2
   ><
   ><
 XML_GET - tag found: component
 XML_GET - number of attributes:           2
 XML_GET - number of data lines:           2
 tag: 
 component                                                                      
  
 attribs:            2
   name = grid_num
   type = integer
 data:            2
   ><
   ><
 XML_GET - tag found: component
 XML_GET - number of attributes:           3
 XML_GET - number of data lines:           2
 tag: 
 component                                                                      
  
 attribs:            3
   name = sub_center
   type = word
   length = 20
 data:            2
   ><
   ><
 XML_GET - tag found: component
 XML_GET - number of attributes:           3
 XML_GET - number of data lines:           2
 tag: 
 component                                                                      
  
 attribs:            3
   name = version_no
   type = word
   length = 20
 data:            2
   ><
   ><
 XML_GET - tag found: component
 XML_GET - number of attributes:           3
 XML_GET - number of data lines:           2
 tag: 
 component                                                                      
  
 attribs:            3
   name = local_table_vers_no
   type = word
   length = 20
 data:            2
   ><
   ><
 XML_GET - tag found: component
 XML_GET - number of attributes:           3
 XML_GET - number of data lines:           2
 tag: 
 component                                                                      
  
 attribs:            3
   name = sigreftime
   type = word
   length = 20
 data:            2
   ><
   ><
 XML_GET - tag found: component
 XML_GET - number of attributes:           3
 XML_GET - number of data lines:           2
 tag: 
 component                                                                      
  
 attribs:            3
   name = prod_status
   type = word
   length = 20
 data:            2
   ><
   ><
 XML_GET - tag found: component
 XML_GET - number of attributes:           3
 XML_GET - number of data lines:           2
 tag: 
 component                                                                      
  
 attribs:            3
   name = data_type
   type = word
   length = 20
 data:            2
   ><
   ><
 XML_GET - tag found: component
 XML_GET - number of attributes:           3
 XML_GET - number of data lines:           2
 tag: 
 component                                                                      
  
 attribs:            3
   name = gen_proc_type
   type = word
   length = 20
 data:            2
   ><
   ><
 XML_GET - tag found: component
 XML_GET - number of attributes:           3
 XML_GET - number of data lines:           2
 tag: 
 component                                                                      
  
 attribs:            3
   name = time_range_unit
   type = word
   length = 30
 data:            2
   ><
   ><
 XML_GET - tag found: component
 XML_GET - number of attributes:           3
 XML_GET - number of data lines:           2
 tag: 
 component                                                                      
  
 attribs:            3
   name = orig_center
   type = word
   length = 50
 data:            2
   ><
   ><
 XML_GET - tag found: component
 XML_GET - number of attributes:           3
 XML_GET - number of data lines:           2
 tag: 
 component                                                                      
  
 attribs:            3
   name = gen_proc
   type = word
   length = 30
 data:            2
   ><
   ><
 XML_GET - tag found: component
 XML_GET - number of attributes:           3
 XML_GET - number of data lines:           2
 tag: 
 component                                                                      
  
 attribs:            3
   name = packing_method
   type = word
   length = 20
 data:            2
   ><
   ><
 XML_GET - tag found: component
 XML_GET - number of attributes:           3
 XML_GET - number of data lines:           2
 tag: 
 component                                                                      
  
 attribs:            3
   name = field_datatype
   type = word
   length = 20
 data:            2
   ><
   ><
 XML_GET - tag found: component
 XML_GET - number of attributes:           3
 XML_GET - number of data lines:           2
 tag: 
 component                                                                      
  
 attribs:            3
   name = comprs_type
   type = word
   length = 20
 data:            2
   ><
   ><
 XML_GET - tag found: component
 XML_GET - number of attributes:           3
 XML_GET - number of data lines:           2
 tag: 
 component                                                                      
  
 attribs:            3
   name = param
   type = param_t
   dimension = 1
 data:            2
   ><
   ><
 XML_GET - number of attributes:           0
 XML_GET - number of data lines:           2
 tag: 
 typedef                                                                        
  
 attribs:            0
 data:            2
   ><
   ><
 XML_GET - tag found: variable
 XML_GET - number of attributes:           3
 XML_GET - number of data lines:           1
 tag: 
 variable                                                                       
  
 attribs:            3
   name = paramset
   type = paramset_t
   dimension = 1
 data:            1
   ><
 XML_GET - number of attributes:           0
 XML_GET - number of data lines:           2
 tag: 
 variable                                                                       
  
 attribs:            0
 data:            2
   ><
   ><
 XML_GET - end of file found - LU-number:          10
 XML_GET - number of attributes:           0
 XML_GET - number of data lines:           1
 tag: 
 template                                                                       
  
 attribs:            0
 data:            1
   ><
