--------------------
./configure --prefix=/gpfs/hps/emc/meso/noscrub/Corey.Guastini/nwprod/rap.v3.0.0/sorc/rap_wgrib2.cd
Fri Sep  2 16:14:22 UTC 2016
=== ztest11359.c ===
extern int getchar();
int hello() {return getchar();}
===
gcc -c ztest11359.c
... using gcc

Checking for obsessive-compulsive compiler options...
=== ztest11359.c ===
int foo() { return 0; }
===
gcc -c -I/gpfs/hps/emc/meso/noscrub/Corey.Guastini/nwprod/rap.v3.0.0/sorc/rap_wgrib2.cd/include -Wall -Wmissing-prototypes -Wold-style-definition -Werror=format-security -ffast-math -O3 -DGFORTRAN -I/gpfs/hps/emc/meso/noscrub/Corey.Guastini/nwprod/rap.v3.0.0/sorc/rap_wgrib2.cd/g2clib-1.4.0 -I/usr/include ztest11359.c
ztest11359.c:1:5: warning: no previous prototype for 'foo' [-Wmissing-prototypes]
 int foo() { return 0; }
     ^
ztest11359.c: In function 'foo':
ztest11359.c:1:5: warning: old-style function definition [-Wold-style-definition]

Checking for shared library support...
=== ztest11359.c ===
extern int getchar();
int hello() {return getchar();}
===
gcc -w -c -I/gpfs/hps/emc/meso/noscrub/Corey.Guastini/nwprod/rap.v3.0.0/sorc/rap_wgrib2.cd/include -Wall -Wmissing-prototypes -Wold-style-definition -Werror=format-security -ffast-math -O3 -DGFORTRAN -I/gpfs/hps/emc/meso/noscrub/Corey.Guastini/nwprod/rap.v3.0.0/sorc/rap_wgrib2.cd/g2clib-1.4.0 -I/usr/include -fPIC ztest11359.c
gcc -shared -Wl,-soname,libz.so.1,--version-script,zlib.map -I/gpfs/hps/emc/meso/noscrub/Corey.Guastini/nwprod/rap.v3.0.0/sorc/rap_wgrib2.cd/include -Wall -Wmissing-prototypes -Wold-style-definition -Werror=format-security -ffast-math -O3 -DGFORTRAN -I/gpfs/hps/emc/meso/noscrub/Corey.Guastini/nwprod/rap.v3.0.0/sorc/rap_wgrib2.cd/g2clib-1.4.0 -I/usr/include -fPIC -o ztest11359.so ztest11359.o
Building shared library libz.so.1.2.8 with gcc.

=== ztest11359.c ===
#include <sys/types.h>
off64_t dummy = 0;
===
gcc -c -I/gpfs/hps/emc/meso/noscrub/Corey.Guastini/nwprod/rap.v3.0.0/sorc/rap_wgrib2.cd/include -Wall -Wmissing-prototypes -Wold-style-definition -Werror=format-security -ffast-math -O3 -DGFORTRAN -I/gpfs/hps/emc/meso/noscrub/Corey.Guastini/nwprod/rap.v3.0.0/sorc/rap_wgrib2.cd/g2clib-1.4.0 -I/usr/include -D_LARGEFILE64_SOURCE=1 ztest11359.c
Checking for off64_t... Yes.
Checking for fseeko... Yes.

=== ztest11359.c ===
#include <string.h>
#include <errno.h>
int main() { return strlen(strerror(errno)); }
===
gcc -I/gpfs/hps/emc/meso/noscrub/Corey.Guastini/nwprod/rap.v3.0.0/sorc/rap_wgrib2.cd/include -Wall -Wmissing-prototypes -Wold-style-definition -Werror=format-security -ffast-math -O3 -DGFORTRAN -I/gpfs/hps/emc/meso/noscrub/Corey.Guastini/nwprod/rap.v3.0.0/sorc/rap_wgrib2.cd/g2clib-1.4.0 -I/usr/include -D_LARGEFILE64_SOURCE=1 -o ztest11359 ztest11359.c
ztest11359.c: In function 'main':
ztest11359.c:3:5: warning: old-style function definition [-Wold-style-definition]
 int main() { return strlen(strerror(errno)); }
     ^
Checking for strerror... Yes.

=== ztest11359.c ===
#include <unistd.h>
int main() { return 0; }
===
gcc -c -I/gpfs/hps/emc/meso/noscrub/Corey.Guastini/nwprod/rap.v3.0.0/sorc/rap_wgrib2.cd/include -Wall -Wmissing-prototypes -Wold-style-definition -Werror=format-security -ffast-math -O3 -DGFORTRAN -I/gpfs/hps/emc/meso/noscrub/Corey.Guastini/nwprod/rap.v3.0.0/sorc/rap_wgrib2.cd/g2clib-1.4.0 -I/usr/include -D_LARGEFILE64_SOURCE=1 ztest11359.c
ztest11359.c: In function 'main':
ztest11359.c:2:5: warning: old-style function definition [-Wold-style-definition]
 int main() { return 0; }
     ^
Checking for unistd.h... Yes.

=== ztest11359.c ===
#include <stdarg.h>
int main() { return 0; }
===
gcc -c -I/gpfs/hps/emc/meso/noscrub/Corey.Guastini/nwprod/rap.v3.0.0/sorc/rap_wgrib2.cd/include -Wall -Wmissing-prototypes -Wold-style-definition -Werror=format-security -ffast-math -O3 -DGFORTRAN -I/gpfs/hps/emc/meso/noscrub/Corey.Guastini/nwprod/rap.v3.0.0/sorc/rap_wgrib2.cd/g2clib-1.4.0 -I/usr/include -D_LARGEFILE64_SOURCE=1 ztest11359.c
ztest11359.c: In function 'main':
ztest11359.c:2:5: warning: old-style function definition [-Wold-style-definition]
 int main() { return 0; }
     ^
Checking for stdarg.h... Yes.

=== ztest11359.c ===
#include <stdio.h>
#include <stdarg.h>
#include "zconf.h"
int main()
{
#ifndef STDC
  choke me
#endif
  return 0;
}
===
gcc -c -I/gpfs/hps/emc/meso/noscrub/Corey.Guastini/nwprod/rap.v3.0.0/sorc/rap_wgrib2.cd/include -Wall -Wmissing-prototypes -Wold-style-definition -Werror=format-security -ffast-math -O3 -DGFORTRAN -I/gpfs/hps/emc/meso/noscrub/Corey.Guastini/nwprod/rap.v3.0.0/sorc/rap_wgrib2.cd/g2clib-1.4.0 -I/usr/include -D_LARGEFILE64_SOURCE=1 ztest11359.c
ztest11359.c: In function 'main':
ztest11359.c:4:5: warning: old-style function definition [-Wold-style-definition]
 int main()
     ^
Checking whether to use vs[n]printf() or s[n]printf()... using vs[n]printf().

=== ztest11359.c ===
#include <stdio.h>
#include <stdarg.h>
int mytest(const char *fmt, ...)
{
  char buf[20];
  va_list ap;
  va_start(ap, fmt);
  vsnprintf(buf, sizeof(buf), fmt, ap);
  va_end(ap);
  return 0;
}
int main()
{
  return (mytest("Hello%d\n", 1));
}
===
gcc -I/gpfs/hps/emc/meso/noscrub/Corey.Guastini/nwprod/rap.v3.0.0/sorc/rap_wgrib2.cd/include -Wall -Wmissing-prototypes -Wold-style-definition -Werror=format-security -ffast-math -O3 -DGFORTRAN -I/gpfs/hps/emc/meso/noscrub/Corey.Guastini/nwprod/rap.v3.0.0/sorc/rap_wgrib2.cd/g2clib-1.4.0 -I/usr/include -D_LARGEFILE64_SOURCE=1 -o ztest11359 ztest11359.c
ztest11359.c:3:5: warning: no previous prototype for 'mytest' [-Wmissing-prototypes]
 int mytest(const char *fmt, ...)
     ^
ztest11359.c: In function 'main':
ztest11359.c:12:5: warning: old-style function definition [-Wold-style-definition]
 int main()
     ^
Checking for vsnprintf() in stdio.h... Yes.

=== ztest11359.c ===
#include <stdio.h>
#include <stdarg.h>
int mytest(const char *fmt, ...)
{
  int n;
  char buf[20];
  va_list ap;
  va_start(ap, fmt);
  n = vsnprintf(buf, sizeof(buf), fmt, ap);
  va_end(ap);
  return n;
}
int main()
{
  return (mytest("Hello%d\n", 1));
}
===
gcc -c -I/gpfs/hps/emc/meso/noscrub/Corey.Guastini/nwprod/rap.v3.0.0/sorc/rap_wgrib2.cd/include -Wall -Wmissing-prototypes -Wold-style-definition -Werror=format-security -ffast-math -O3 -DGFORTRAN -I/gpfs/hps/emc/meso/noscrub/Corey.Guastini/nwprod/rap.v3.0.0/sorc/rap_wgrib2.cd/g2clib-1.4.0 -I/usr/include -D_LARGEFILE64_SOURCE=1 ztest11359.c
ztest11359.c:3:5: warning: no previous prototype for 'mytest' [-Wmissing-prototypes]
 int mytest(const char *fmt, ...)
     ^
ztest11359.c: In function 'main':
ztest11359.c:13:5: warning: old-style function definition [-Wold-style-definition]
 int main()
     ^
Checking for return value of vsnprintf()... Yes.

=== ztest11359.c ===
#define ZLIB_INTERNAL __attribute__((visibility ("hidden")))
int ZLIB_INTERNAL foo;
int main()
{
  return 0;
}
===
gcc -c -I/gpfs/hps/emc/meso/noscrub/Corey.Guastini/nwprod/rap.v3.0.0/sorc/rap_wgrib2.cd/include -Wall -Wmissing-prototypes -Wold-style-definition -Werror=format-security -ffast-math -O3 -DGFORTRAN -I/gpfs/hps/emc/meso/noscrub/Corey.Guastini/nwprod/rap.v3.0.0/sorc/rap_wgrib2.cd/g2clib-1.4.0 -I/usr/include -D_LARGEFILE64_SOURCE=1 ztest11359.c
ztest11359.c: In function 'main':
ztest11359.c:3:5: warning: old-style function definition [-Wold-style-definition]
 int main()
     ^Checking for attribute(visibility) support... No.

ALL = static shared all64
AR = ar
ARFLAGS = rc
CC = gcc
CFLAGS = -I/gpfs/hps/emc/meso/noscrub/Corey.Guastini/nwprod/rap.v3.0.0/sorc/rap_wgrib2.cd/include -Wall -Wmissing-prototypes -Wold-style-definition -Werror=format-security -ffast-math -O3 -DGFORTRAN -I/gpfs/hps/emc/meso/noscrub/Corey.Guastini/nwprod/rap.v3.0.0/sorc/rap_wgrib2.cd/g2clib-1.4.0 -I/usr/include -D_LARGEFILE64_SOURCE=1
CPP = gcc -E
EXE =
LDCONFIG = ldconfig
LDFLAGS =
LDSHARED = gcc -shared -Wl,-soname,libz.so.1,--version-script,zlib.map
LDSHAREDLIBC = -lc
OBJC = $(OBJZ) $(OBJG)
PIC_OBJC = $(PIC_OBJZ) $(PIC_OBJG)
RANLIB = ranlib
SFLAGS = -I/gpfs/hps/emc/meso/noscrub/Corey.Guastini/nwprod/rap.v3.0.0/sorc/rap_wgrib2.cd/include -Wall -Wmissing-prototypes -Wold-style-definition -Werror=format-security -ffast-math -O3 -DGFORTRAN -I/gpfs/hps/emc/meso/noscrub/Corey.Guastini/nwprod/rap.v3.0.0/sorc/rap_wgrib2.cd/g2clib-1.4.0 -I/usr/include -fPIC -D_LARGEFILE64_SOURCE=1
SHAREDLIB = libz.so
SHAREDLIBM = libz.so.1
SHAREDLIBV = libz.so.1.2.8
STATICLIB = libz.a
TEST = all teststatic testshared test64
VER = 1.2.8
Z_U4 =
exec_prefix = ${prefix}
includedir = ${prefix}/include
libdir = ${exec_prefix}/lib
mandir = ${prefix}/share/man
prefix = /gpfs/hps/emc/meso/noscrub/Corey.Guastini/nwprod/rap.v3.0.0/sorc/rap_wgrib2.cd
sharedlibdir = ${libdir}
uname = Linux
--------------------


