&GRIBIDS DESC='MXEDPRM 0 m above MSL' WMOHEAD='ZVWG50 KKCI', PDTN=0, PDT=19 31 2 0 105 0 0 1 6 102 0 0 255 0 0 / 
&GRIBIDS DESC='CATEDR 30 m above MSL' WMOHEAD='YVWG91 KKCI', PDTN=0, PDT= 19 29 2 0 105 0 0 1 6 102 0 30 255 0 0 / 
&GRIBIDS DESC='CATEDR 304 m above MSL' WMOHEAD='YVWG93 KKCI', PDTN=0, PDT= 19 29 2 0 105 0 0 1 6 102 0 304 255 0 0 / 
&GRIBIDS DESC='CATEDR 609 m above MSL' WMOHEAD='YVWG95 KKCI', PDTN=0, PDT= 19 29 2 0 105 0 0 1 6 102 0 609 255 0 0 / 
&GRIBIDS DESC='CATEDR 914 m above MSL' WMOHEAD='YVWG90 KKCI', PDTN=0, PDT= 19 29 2 0 105 0 0 1 6 102 0 914 255 0 0 / 
&GRIBIDS DESC='CATEDR 1219 m above MSL' WMOHEAD='YVWG85 KKCI', PDTN=0, PDT= 19 29 2 0 105 0 0 1 6 102 0 1219 255 0 0 / 
&GRIBIDS DESC='CATEDR 1524 m above MSL' WMOHEAD='YVWG84 KKCI', PDTN=0, PDT= 19 29 2 0 105 0 0 1 6 102 0 1524 255 0 0 / 
&GRIBIDS DESC='CATEDR 1828 m above MSL' WMOHEAD='YVWG81 KKCI', PDTN=0, PDT= 19 29 2 0 105 0 0 1 6 102 0 1828 255 0 0 / 
&GRIBIDS DESC='CATEDR 2133 m above MSL' WMOHEAD='YVWG78 KKCI', PDTN=0, PDT= 19 29 2 0 105 0 0 1 6 102 0 2133 255 0 0 / 
&GRIBIDS DESC='CATEDR 2438 m above MSL' WMOHEAD='YVWG75 KKCI', PDTN=0, PDT= 19 29 2 0 105 0 0 1 6 102 0 2438 255 0 0 / 
&GRIBIDS DESC='CATEDR 2743 m above MSL' WMOHEAD='YVWG73 KKCI', PDTN=0, PDT= 19 29 2 0 105 0 0 1 6 102 0 2743 255 0 0 / 
&GRIBIDS DESC='CATEDR 3048 m above MSL' WMOHEAD='YVWG70 KKCI', PDTN=0, PDT= 19 29 2 0 105 0 0 1 6 102 0 3048 255 0 0 / 
&GRIBIDS DESC='CATEDR 3352 m above MSL' WMOHEAD='YVWG67 KKCI', PDTN=0, PDT= 19 29 2 0 105 0 0 1 6 102 0 3352 255 0 0 / 
&GRIBIDS DESC='CATEDR 3657 m above MSL' WMOHEAD='YVWG65 KKCI', PDTN=0, PDT= 19 29 2 0 105 0 0 1 6 102 0 3657 255 0 0 / 
&GRIBIDS DESC='CATEDR 3962 m above MSL' WMOHEAD='YVWG62 KKCI', PDTN=0, PDT= 19 29 2 0 105 0 0 1 6 102 0 3962 255 0 0 / 
&GRIBIDS DESC='CATEDR 4267 m above MSL' WMOHEAD='YVWG60 KKCI', PDTN=0, PDT= 19 29 2 0 105 0 0 1 6 102 0 4267 255 0 0 / 
&GRIBIDS DESC='CATEDR 4572 m above MSL' WMOHEAD='YVWG57 KKCI', PDTN=0, PDT= 19 29 2 0 105 0 0 1 6 102 0 4572 255 0 0 / 
&GRIBIDS DESC='CATEDR 4876 m above MSL' WMOHEAD='YVWG55 KKCI', PDTN=0, PDT= 19 29 2 0 105 0 0 1 6 102 0 4876 255 0 0 / 
&GRIBIDS DESC='CATEDR 5181 m above MSL' WMOHEAD='YVWG53 KKCI', PDTN=0, PDT= 19 29 2 0 105 0 0 1 6 102 0 5181 255 0 0 / 
&GRIBIDS DESC='CATEDR 5486 m above MSL' WMOHEAD='YVWG50 KKCI', PDTN=0, PDT= 19 29 2 0 105 0 0 1 6 102 0 5486 255 0 0 / 
&GRIBIDS DESC='CATEDR 5791 m above MSL' WMOHEAD='YVWG48 KKCI', PDTN=0, PDT= 19 29 2 0 105 0 0 1 6 102 0 5791 255 0 0 / 
&GRIBIDS DESC='CATEDR 6096 m above MSL' WMOHEAD='YVWG46 KKCI', PDTN=0, PDT= 19 29 2 0 105 0 0 1 6 102 0 6096 255 0 0 / 
&GRIBIDS DESC='CATEDR 6400 m above MSL' WMOHEAD='YVWG45 KKCI', PDTN=0, PDT= 19 29 2 0 105 0 0 1 6 102 0 6400 255 0 0 / 
&GRIBIDS DESC='CATEDR 6705 m above MSL' WMOHEAD='YVWG43 KKCI', PDTN=0, PDT= 19 29 2 0 105 0 0 1 6 102 0 6705 255 0 0 / 
&GRIBIDS DESC='CATEDR 7010 m above MSL' WMOHEAD='YVWG41 KKCI', PDTN=0, PDT= 19 29 2 0 105 0 0 1 6 102 0 7010 255 0 0 / 
&GRIBIDS DESC='CATEDR 7315 m above MSL' WMOHEAD='YVWG39 KKCI', PDTN=0, PDT= 19 29 2 0 105 0 0 1 6 102 0 7315 255 0 0 / 
&GRIBIDS DESC='CATEDR 7620 m above MSL' WMOHEAD='YVWG38 KKCI', PDTN=0, PDT= 19 29 2 0 105 0 0 1 6 102 0 7620 255 0 0 / 
&GRIBIDS DESC='CATEDR 7924 m above MSL' WMOHEAD='YVWG36 KKCI', PDTN=0, PDT= 19 29 2 0 105 0 0 1 6 102 0 7924 255 0 0 / 
&GRIBIDS DESC='CATEDR 8229 m above MSL' WMOHEAD='YVWG34 KKCI', PDTN=0, PDT= 19 29 2 0 105 0 0 1 6 102 0 8229 255 0 0 / 
&GRIBIDS DESC='CATEDR 8534 m above MSL' WMOHEAD='YVWG33 KKCI', PDTN=0, PDT= 19 29 2 0 105 0 0 1 6 102 0 8534 255 0 0 / 
&GRIBIDS DESC='CATEDR 8839 m above MSL' WMOHEAD='YVWG32 KKCI', PDTN=0, PDT= 19 29 2 0 105 0 0 1 6 102 0 8839 255 0 0 / 
&GRIBIDS DESC='CATEDR 9144 m above MSL' WMOHEAD='YVWG30 KKCI', PDTN=0, PDT= 19 29 2 0 105 0 0 1 6 102 0 9144 255 0 0 / 
&GRIBIDS DESC='CATEDR 9448 m above MSL' WMOHEAD='YVWG29 KKCI', PDTN=0, PDT= 19 29 2 0 105 0 0 1 6 102 0 9448 255 0 0 / 
&GRIBIDS DESC='CATEDR 9753 m above MSL' WMOHEAD='YVWG27 KKCI', PDTN=0, PDT= 19 29 2 0 105 0 0 1 6 102 0 9753 255 0 0 / 
&GRIBIDS DESC='CATEDR 10058 m above MSL' WMOHEAD='YVWG26 KKCI', PDTN=0, PDT= 19 29 2 0 105 0 0 1 6 102 0 10058 255 0 0 / 
&GRIBIDS DESC='CATEDR 10363 m above MSL' WMOHEAD='YVWG25 KKCI', PDTN=0, PDT= 19 29 2 0 105 0 0 1 6 102 0 10363 255 0 0 / 
&GRIBIDS DESC='CATEDR 10668 m above MSL' WMOHEAD='YVWG24 KKCI', PDTN=0, PDT= 19 29 2 0 105 0 0 1 6 102 0 10668 255 0 0 / 
&GRIBIDS DESC='CATEDR 10972 m above MSL' WMOHEAD='YVWG23 KKCI', PDTN=0, PDT= 19 29 2 0 105 0 0 1 6 102 0 10972 255 0 0 / 
&GRIBIDS DESC='CATEDR 11277 m above MSL' WMOHEAD='YVWG22 KKCI', PDTN=0, PDT= 19 29 2 0 105 0 0 1 6 102 0 11277 255 0 0 / 
&GRIBIDS DESC='CATEDR 11582 m above MSL' WMOHEAD='YVWG21 KKCI', PDTN=0, PDT= 19 29 2 0 105 0 0 1 6 102 0 11582 255 0 0 / 
&GRIBIDS DESC='CATEDR 11887 m above MSL' WMOHEAD='YVWG20 KKCI', PDTN=0, PDT= 19 29 2 0 105 0 0 1 6 102 0 11887 255 0 0 / 
&GRIBIDS DESC='CATEDR 12192 m above MSL' WMOHEAD='YVWG19 KKCI', PDTN=0, PDT= 19 29 2 0 105 0 0 1 6 102 0 12192 255 0 0 / 
&GRIBIDS DESC='CATEDR 12496 m above MSL' WMOHEAD='YVWG18 KKCI', PDTN=0, PDT= 19 29 2 0 105 0 0 1 6 102 0 12496 255 0 0 / 
&GRIBIDS DESC='CATEDR 12801 m above MSL' WMOHEAD='YVWG17 KKCI', PDTN=0, PDT= 19 29 2 0 105 0 0 1 6 102 0 12801 255 0 0 / 
&GRIBIDS DESC='CATEDR 13106 m above MSL' WMOHEAD='YVWG16 KKCI', PDTN=0, PDT= 19 29 2 0 105 0 0 1 6 102 0 13106 255 0 0 / 
&GRIBIDS DESC='CATEDR 13411 m above MSL' WMOHEAD='YVWG15 KKCI', PDTN=0, PDT= 19 29 2 0 105 0 0 1 6 102 0 13411 255 0 0 / 
&GRIBIDS DESC='CATEDR 13716 m above MSL' WMOHEAD='YVWG14 KKCI', PDTN=0, PDT= 19 29 2 0 105 0 0 1 6 102 0 13716 255 0 0 / 
&GRIBIDS DESC='MWTURB 30 m above MSL' WMOHEAD='YWNG91 KKCI', PDTN=0, PDT= 19 28 2 0 105 0 0 1 6 102 0 30 255 0 0 / 
&GRIBIDS DESC='MWTURB 304 m above MSL' WMOHEAD='YWNG93 KKCI', PDTN=0, PDT= 19 28 2 0 105 0 0 1 6 102 0 304 255 0 0 / 
&GRIBIDS DESC='MWTURB 609 m above MSL' WMOHEAD='YWNG95 KKCI', PDTN=0, PDT= 19 28 2 0 105 0 0 1 6 102 0 609 255 0 0 / 
&GRIBIDS DESC='MWTURB 914 m above MSL' WMOHEAD='YWNG90 KKCI', PDTN=0, PDT= 19 28 2 0 105 0 0 1 6 102 0 914 255 0 0 / 
&GRIBIDS DESC='MWTURB 1219 m above MSL' WMOHEAD='YWNG85 KKCI', PDTN=0, PDT= 19 28 2 0 105 0 0 1 6 102 0 1219 255 0 0 / 
&GRIBIDS DESC='MWTURB 1524 m above MSL' WMOHEAD='YWNG84 KKCI', PDTN=0, PDT= 19 28 2 0 105 0 0 1 6 102 0 1524 255 0 0 / 
&GRIBIDS DESC='MWTURB 1828 m above MSL' WMOHEAD='YWNG81 KKCI', PDTN=0, PDT= 19 28 2 0 105 0 0 1 6 102 0 1828 255 0 0 / 
&GRIBIDS DESC='MWTURB 2133 m above MSL' WMOHEAD='YWNG78 KKCI', PDTN=0, PDT= 19 28 2 0 105 0 0 1 6 102 0 2133 255 0 0 / 
&GRIBIDS DESC='MWTURB 2438 m above MSL' WMOHEAD='YWNG75 KKCI', PDTN=0, PDT= 19 28 2 0 105 0 0 1 6 102 0 2438 255 0 0 / 
&GRIBIDS DESC='MWTURB 2743 m above MSL' WMOHEAD='YWNG73 KKCI', PDTN=0, PDT= 19 28 2 0 105 0 0 1 6 102 0 2743 255 0 0 / 
&GRIBIDS DESC='MWTURB 3048 m above MSL' WMOHEAD='YWNG70 KKCI', PDTN=0, PDT= 19 28 2 0 105 0 0 1 6 102 0 3048 255 0 0 / 
&GRIBIDS DESC='MWTURB 3352 m above MSL' WMOHEAD='YWNG67 KKCI', PDTN=0, PDT= 19 28 2 0 105 0 0 1 6 102 0 3352 255 0 0 / 
&GRIBIDS DESC='MWTURB 3657 m above MSL' WMOHEAD='YWNG65 KKCI', PDTN=0, PDT= 19 28 2 0 105 0 0 1 6 102 0 3657 255 0 0 / 
&GRIBIDS DESC='MWTURB 3962 m above MSL' WMOHEAD='YWNG62 KKCI', PDTN=0, PDT= 19 28 2 0 105 0 0 1 6 102 0 3962 255 0 0 / 
&GRIBIDS DESC='MWTURB 4267 m above MSL' WMOHEAD='YWNG60 KKCI', PDTN=0, PDT= 19 28 2 0 105 0 0 1 6 102 0 4267 255 0 0 / 
&GRIBIDS DESC='MWTURB 4572 m above MSL' WMOHEAD='YWNG57 KKCI', PDTN=0, PDT= 19 28 2 0 105 0 0 1 6 102 0 4572 255 0 0 / 
&GRIBIDS DESC='MWTURB 4876 m above MSL' WMOHEAD='YWNG55 KKCI', PDTN=0, PDT= 19 28 2 0 105 0 0 1 6 102 0 4876 255 0 0 / 
&GRIBIDS DESC='MWTURB 5181 m above MSL' WMOHEAD='YWNG53 KKCI', PDTN=0, PDT= 19 28 2 0 105 0 0 1 6 102 0 5181 255 0 0 / 
&GRIBIDS DESC='MWTURB 5486 m above MSL' WMOHEAD='YWNG50 KKCI', PDTN=0, PDT= 19 28 2 0 105 0 0 1 6 102 0 5486 255 0 0 / 
&GRIBIDS DESC='MWTURB 5791 m above MSL' WMOHEAD='YWNG48 KKCI', PDTN=0, PDT= 19 28 2 0 105 0 0 1 6 102 0 5791 255 0 0 / 
&GRIBIDS DESC='MWTURB 6096 m above MSL' WMOHEAD='YWNG46 KKCI', PDTN=0, PDT= 19 28 2 0 105 0 0 1 6 102 0 6096 255 0 0 / 
&GRIBIDS DESC='MWTURB 6400 m above MSL' WMOHEAD='YWNG45 KKCI', PDTN=0, PDT= 19 28 2 0 105 0 0 1 6 102 0 6400 255 0 0 / 
&GRIBIDS DESC='MWTURB 6705 m above MSL' WMOHEAD='YWNG43 KKCI', PDTN=0, PDT= 19 28 2 0 105 0 0 1 6 102 0 6705 255 0 0 / 
&GRIBIDS DESC='MWTURB 7010 m above MSL' WMOHEAD='YWNG41 KKCI', PDTN=0, PDT= 19 28 2 0 105 0 0 1 6 102 0 7010 255 0 0 / 
&GRIBIDS DESC='MWTURB 7315 m above MSL' WMOHEAD='YWNG39 KKCI', PDTN=0, PDT= 19 28 2 0 105 0 0 1 6 102 0 7315 255 0 0 / 
&GRIBIDS DESC='MWTURB 7620 m above MSL' WMOHEAD='YWNG38 KKCI', PDTN=0, PDT= 19 28 2 0 105 0 0 1 6 102 0 7620 255 0 0 / 
&GRIBIDS DESC='MWTURB 7924 m above MSL' WMOHEAD='YWNG36 KKCI', PDTN=0, PDT= 19 28 2 0 105 0 0 1 6 102 0 7924 255 0 0 / 
&GRIBIDS DESC='MWTURB 8229 m above MSL' WMOHEAD='YWNG34 KKCI', PDTN=0, PDT= 19 28 2 0 105 0 0 1 6 102 0 8229 255 0 0 / 
&GRIBIDS DESC='MWTURB 8534 m above MSL' WMOHEAD='YWNG33 KKCI', PDTN=0, PDT= 19 28 2 0 105 0 0 1 6 102 0 8534 255 0 0 / 
&GRIBIDS DESC='MWTURB 8839 m above MSL' WMOHEAD='YWNG32 KKCI', PDTN=0, PDT= 19 28 2 0 105 0 0 1 6 102 0 8839 255 0 0 / 
&GRIBIDS DESC='MWTURB 9144 m above MSL' WMOHEAD='YWNG30 KKCI', PDTN=0, PDT= 19 28 2 0 105 0 0 1 6 102 0 9144 255 0 0 / 
&GRIBIDS DESC='MWTURB 9448 m above MSL' WMOHEAD='YWNG29 KKCI', PDTN=0, PDT= 19 28 2 0 105 0 0 1 6 102 0 9448 255 0 0 / 
&GRIBIDS DESC='MWTURB 9753 m above MSL' WMOHEAD='YWNG27 KKCI', PDTN=0, PDT= 19 28 2 0 105 0 0 1 6 102 0 9753 255 0 0 / 
&GRIBIDS DESC='MWTURB 10058 m above MSL' WMOHEAD='YWNG26 KKCI', PDTN=0, PDT= 19 28 2 0 105 0 0 1 6 102 0 10058 255 0 0 / 
&GRIBIDS DESC='MWTURB 10363 m above MSL' WMOHEAD='YWNG25 KKCI', PDTN=0, PDT= 19 28 2 0 105 0 0 1 6 102 0 10363 255 0 0 / 
&GRIBIDS DESC='MWTURB 10668 m above MSL' WMOHEAD='YWNG24 KKCI', PDTN=0, PDT= 19 28 2 0 105 0 0 1 6 102 0 10668 255 0 0 / 
&GRIBIDS DESC='MWTURB 10972 m above MSL' WMOHEAD='YWNG23 KKCI', PDTN=0, PDT= 19 28 2 0 105 0 0 1 6 102 0 10972 255 0 0 / 
&GRIBIDS DESC='MWTURB 11277 m above MSL' WMOHEAD='YWNG22 KKCI', PDTN=0, PDT= 19 28 2 0 105 0 0 1 6 102 0 11277 255 0 0 / 
&GRIBIDS DESC='MWTURB 11582 m above MSL' WMOHEAD='YWNG21 KKCI', PDTN=0, PDT= 19 28 2 0 105 0 0 1 6 102 0 11582 255 0 0 / 
&GRIBIDS DESC='MWTURB 11887 m above MSL' WMOHEAD='YWNG20 KKCI', PDTN=0, PDT= 19 28 2 0 105 0 0 1 6 102 0 11887 255 0 0 / 
&GRIBIDS DESC='MWTURB 12192 m above MSL' WMOHEAD='YWNG19 KKCI', PDTN=0, PDT= 19 28 2 0 105 0 0 1 6 102 0 12192 255 0 0 / 
&GRIBIDS DESC='MWTURB 12496 m above MSL' WMOHEAD='YWNG18 KKCI', PDTN=0, PDT= 19 28 2 0 105 0 0 1 6 102 0 12496 255 0 0 / 
&GRIBIDS DESC='MWTURB 12801 m above MSL' WMOHEAD='YWNG17 KKCI', PDTN=0, PDT= 19 28 2 0 105 0 0 1 6 102 0 12801 255 0 0 / 
&GRIBIDS DESC='MWTURB 13106 m above MSL' WMOHEAD='YWNG16 KKCI', PDTN=0, PDT= 19 28 2 0 105 0 0 1 6 102 0 13106 255 0 0 / 
&GRIBIDS DESC='MWTURB 13411 m above MSL' WMOHEAD='YWNG15 KKCI', PDTN=0, PDT= 19 28 2 0 105 0 0 1 6 102 0 13411 255 0 0 / 
&GRIBIDS DESC='MWTURB 13716 m above MSL' WMOHEAD='YWNG14 KKCI', PDTN=0, PDT= 19 28 2 0 105 0 0 1 6 102 0 13716 255 0 0 / 

